[2m2022-05-12 04:57:41.502[0;39m [32m INFO[0;39m [35m17052[0;39m [2m---[0;39m [2m[  restartedMain][0;39m [36m.e.DevToolsPropertyDefaultsPostProcessor[0;39m [2m:[0;39m Devtools property defaults active! Set 'spring.devtools.add-properties' to 'false' to disable
[2m2022-05-12 04:57:41.505[0;39m [32m INFO[0;39m [35m17052[0;39m [2m---[0;39m [2m[  restartedMain][0;39m [36m.e.DevToolsPropertyDefaultsPostProcessor[0;39m [2m:[0;39m For additional web related logging consider setting the 'logging.level.web' property to 'DEBUG'
[2m2022-05-12 04:57:42.950[0;39m [32m INFO[0;39m [35m17052[0;39m [2m---[0;39m [2m[  restartedMain][0;39m [36mo.s.b.w.embedded.tomcat.TomcatWebServer [0;39m [2m:[0;39m Tomcat initialized with port(s): 80 (http)
[2m2022-05-12 04:57:43.049[0;39m [32m INFO[0;39m [35m17052[0;39m [2m---[0;39m [2m[  restartedMain][0;39m [36mw.s.c.ServletWebServerApplicationContext[0;39m [2m:[0;39m Root WebApplicationContext: initialization completed in 1543 ms
[2m2022-05-12 04:57:43.771[0;39m [32m INFO[0;39m [35m17052[0;39m [2m---[0;39m [2m[  restartedMain][0;39m [36mo.s.b.d.a.OptionalLiveReloadServer      [0;39m [2m:[0;39m LiveReload server is running on port 35729
[2m2022-05-12 04:57:43.940[0;39m [32m INFO[0;39m [35m17052[0;39m [2m---[0;39m [2m[  restartedMain][0;39m [36mo.s.b.w.embedded.tomcat.TomcatWebServer [0;39m [2m:[0;39m Tomcat started on port(s): 80 (http) with context path '/taelab'
[2m2022-05-12 04:57:51.184[0;39m [32m INFO[0;39m [35m17052[0;39m [2m---[0;39m [2m[p-nio-80-exec-6][0;39m [36mo.s.web.servlet.DispatcherServlet       [0;39m [2m:[0;39m Initializing Servlet 'dispatcherServlet'
[2m2022-05-12 04:57:51.186[0;39m [32m INFO[0;39m [35m17052[0;39m [2m---[0;39m [2m[p-nio-80-exec-6][0;39m [36mo.s.web.servlet.DispatcherServlet       [0;39m [2m:[0;39m Completed initialization in 1 ms
[2m2022-05-12 05:06:34.161[0;39m [32mDEBUG[0;39m [35m17052[0;39m [2m---[0;39m [2m[p-nio-80-exec-9][0;39m [36mc.sti.taelab.controller.StockController [0;39m [2m:[0;39m retrieveStock - 호출
[2m2022-05-12 06:37:58.622[0;39m [32mDEBUG[0;39m [35m17052[0;39m [2m---[0;39m [2m[p-nio-80-exec-7][0;39m [36mc.sti.taelab.controller.StockController [0;39m [2m:[0;39m retrieveStock - 호출
[2m2022-05-12 06:48:51.673[0;39m [32mDEBUG[0;39m [35m17052[0;39m [2m---[0;39m [2m[-nio-80-exec-10][0;39m [36mc.sti.taelab.controller.StockController [0;39m [2m:[0;39m retrieveStock - 호출
[2m2022-05-12 06:50:32.744[0;39m [32m INFO[0;39m [35m17052[0;39m [2m---[0;39m [2m[  restartedMain][0;39m [36mo.s.b.w.embedded.tomcat.TomcatWebServer [0;39m [2m:[0;39m Tomcat initialized with port(s): 80 (http)
[2m2022-05-12 06:50:32.764[0;39m [32m INFO[0;39m [35m17052[0;39m [2m---[0;39m [2m[  restartedMain][0;39m [36mw.s.c.ServletWebServerApplicationContext[0;39m [2m:[0;39m Root WebApplicationContext: initialization completed in 526 ms
[2m2022-05-12 06:50:32.959[0;39m [32m INFO[0;39m [35m17052[0;39m [2m---[0;39m [2m[  restartedMain][0;39m [36mo.s.b.d.a.OptionalLiveReloadServer      [0;39m [2m:[0;39m LiveReload server is running on port 35729
[2m2022-05-12 06:50:33.025[0;39m [32m INFO[0;39m [35m17052[0;39m [2m---[0;39m [2m[  restartedMain][0;39m [36mo.s.b.w.embedded.tomcat.TomcatWebServer [0;39m [2m:[0;39m Tomcat started on port(s): 80 (http) with context path '/taelab'
[2m2022-05-12 06:50:33.074[0;39m [32m INFO[0;39m [35m17052[0;39m [2m---[0;39m [2m[  restartedMain][0;39m [36m.ConditionEvaluationDeltaLoggingListener[0;39m [2m:[0;39m Condition evaluation unchanged
[2m2022-05-12 06:50:39.671[0;39m [32m INFO[0;39m [35m17052[0;39m [2m---[0;39m [2m[(134)-127.0.0.1][0;39m [36minMXBeanRegistrar$SpringApplicationAdmin[0;39m [2m:[0;39m Application shutdown requested.
[2m2022-05-12 07:01:43.669[0;39m [32m INFO[0;39m [35m16932[0;39m [2m---[0;39m [2m[  restartedMain][0;39m [36m.e.DevToolsPropertyDefaultsPostProcessor[0;39m [2m:[0;39m Devtools property defaults active! Set 'spring.devtools.add-properties' to 'false' to disable
[2m2022-05-12 07:01:43.671[0;39m [32m INFO[0;39m [35m16932[0;39m [2m---[0;39m [2m[  restartedMain][0;39m [36m.e.DevToolsPropertyDefaultsPostProcessor[0;39m [2m:[0;39m For additional web related logging consider setting the 'logging.level.web' property to 'DEBUG'
[2m2022-05-12 07:01:45.135[0;39m [32m INFO[0;39m [35m16932[0;39m [2m---[0;39m [2m[  restartedMain][0;39m [36mo.s.b.w.embedded.tomcat.TomcatWebServer [0;39m [2m:[0;39m Tomcat initialized with port(s): 80 (http)
[2m2022-05-12 07:01:45.236[0;39m [32m INFO[0;39m [35m16932[0;39m [2m---[0;39m [2m[  restartedMain][0;39m [36mw.s.c.ServletWebServerApplicationContext[0;39m [2m:[0;39m Root WebApplicationContext: initialization completed in 1564 ms
[2m2022-05-12 07:01:46.032[0;39m [32m INFO[0;39m [35m16932[0;39m [2m---[0;39m [2m[  restartedMain][0;39m [36mo.s.b.d.a.OptionalLiveReloadServer      [0;39m [2m:[0;39m LiveReload server is running on port 35729
[2m2022-05-12 07:01:46.223[0;39m [32m INFO[0;39m [35m16932[0;39m [2m---[0;39m [2m[  restartedMain][0;39m [36mo.s.b.w.embedded.tomcat.TomcatWebServer [0;39m [2m:[0;39m Tomcat started on port(s): 80 (http) with context path '/taelab'
[2m2022-05-12 07:01:55.736[0;39m [32m INFO[0;39m [35m16932[0;39m [2m---[0;39m [2m[p-nio-80-exec-2][0;39m [36mo.s.web.servlet.DispatcherServlet       [0;39m [2m:[0;39m Initializing Servlet 'dispatcherServlet'
[2m2022-05-12 07:01:55.737[0;39m [32m INFO[0;39m [35m16932[0;39m [2m---[0;39m [2m[p-nio-80-exec-2][0;39m [36mo.s.web.servlet.DispatcherServlet       [0;39m [2m:[0;39m Completed initialization in 1 ms
[2m2022-05-12 07:02:00.392[0;39m [32mDEBUG[0;39m [35m16932[0;39m [2m---[0;39m [2m[p-nio-80-exec-6][0;39m [36mc.sti.taelab.controller.StockController [0;39m [2m:[0;39m retrieveStock - 호출
[2m2022-05-12 07:02:10.788[0;39m [32m INFO[0;39m [35m16932[0;39m [2m---[0;39m [2m[on(7)-127.0.0.1][0;39m [36minMXBeanRegistrar$SpringApplicationAdmin[0;39m [2m:[0;39m Application shutdown requested.
